{"C:\\Users\\0810d\\OneDrive\\Desktop\\SEC-2023\\backend\\pg-node-server\\app.js": {"path":"C:\\Users\\0810d\\OneDrive\\Desktop\\SEC-2023\\backend\\pg-node-server\\app.js","statementMap":{"0":{"start":{"line":14,"column":12},"end":{"line":14,"column":21}},"1":{"start":{"line":15,"column":0},"end":{"line":15,"column":24}},"2":{"start":{"line":18,"column":0},"end":{"line":18,"column":26}},"3":{"start":{"line":20,"column":0},"end":{"line":22,"column":2}},"4":{"start":{"line":21,"column":2},"end":{"line":21,"column":51}},"5":{"start":{"line":24,"column":0},"end":{"line":31,"column":2}},"6":{"start":{"line":33,"column":0},"end":{"line":39,"column":2}},"7":{"start":{"line":42,"column":0},"end":{"line":44,"column":2}},"8":{"start":{"line":43,"column":2},"end":{"line":43,"column":68}},"9":{"start":{"line":46,"column":0},"end":{"line":48,"column":2}},"10":{"start":{"line":47,"column":2},"end":{"line":47,"column":66}},"11":{"start":{"line":50,"column":0},"end":{"line":50,"column":49}},"12":{"start":{"line":51,"column":0},"end":{"line":51,"column":56}},"13":{"start":{"line":53,"column":0},"end":{"line":53,"column":49}}},"fnMap":{"0":{"name":"(anonymous_0)","decl":{"start":{"line":20,"column":19},"end":{"line":20,"column":20}},"loc":{"start":{"line":21,"column":2},"end":{"line":21,"column":51}},"line":21},"1":{"name":"(anonymous_1)","decl":{"start":{"line":42,"column":38},"end":{"line":42,"column":39}},"loc":{"start":{"line":43,"column":2},"end":{"line":43,"column":68}},"line":43},"2":{"name":"(anonymous_2)","decl":{"start":{"line":46,"column":45},"end":{"line":46,"column":46}},"loc":{"start":{"line":47,"column":2},"end":{"line":47,"column":66}},"line":47}},"branchMap":{},"s":{"0":1,"1":1,"2":1,"3":1,"4":0,"5":1,"6":1,"7":1,"8":0,"9":1,"10":0,"11":1,"12":1,"13":1},"f":{"0":0,"1":0,"2":0},"b":{},"_coverageSchema":"1a1c01bbd47fc00a2c39e90264f33305004495a9","hash":"eb1f644ee5df1098311dcccb6e6de4249c54bbca"}
,"C:\\Users\\0810d\\OneDrive\\Desktop\\SEC-2023\\backend\\pg-node-server\\controller\\auth\\login.js": {"path":"C:\\Users\\0810d\\OneDrive\\Desktop\\SEC-2023\\backend\\pg-node-server\\controller\\auth\\login.js","statementMap":{"0":{"start":{"line":5,"column":21},"end":{"line":5,"column":64}},"1":{"start":{"line":7,"column":28},"end":{"line":9,"column":1}},"2":{"start":{"line":8,"column":2},"end":{"line":8,"column":66}},"3":{"start":{"line":11,"column":14},"end":{"line":59,"column":1}},"4":{"start":{"line":12,"column":15},"end":{"line":12,"column":23}},"5":{"start":{"line":15,"column":2},"end":{"line":58,"column":3}},"6":{"start":{"line":16,"column":17},"end":{"line":25,"column":6}},"7":{"start":{"line":20,"column":6},"end":{"line":24,"column":7}},"8":{"start":{"line":21,"column":8},"end":{"line":21,"column":27}},"9":{"start":{"line":23,"column":8},"end":{"line":23,"column":18}},"10":{"start":{"line":28,"column":4},"end":{"line":51,"column":7}},"11":{"start":{"line":29,"column":6},"end":{"line":50,"column":7}},"12":{"start":{"line":30,"column":22},"end":{"line":35,"column":10}},"13":{"start":{"line":37,"column":26},"end":{"line":41,"column":9}},"14":{"start":{"line":42,"column":8},"end":{"line":42,"column":40}},"15":{"start":{"line":44,"column":26},"end":{"line":48,"column":9}},"16":{"start":{"line":49,"column":8},"end":{"line":49,"column":40}},"17":{"start":{"line":53,"column":22},"end":{"line":56,"column":5}},"18":{"start":{"line":57,"column":4},"end":{"line":57,"column":36}}},"fnMap":{"0":{"name":"(anonymous_0)","decl":{"start":{"line":7,"column":28},"end":{"line":7,"column":29}},"loc":{"start":{"line":7,"column":42},"end":{"line":9,"column":1}},"line":7},"1":{"name":"(anonymous_1)","decl":{"start":{"line":11,"column":14},"end":{"line":11,"column":15}},"loc":{"start":{"line":11,"column":34},"end":{"line":59,"column":1}},"line":11},"2":{"name":"(anonymous_2)","decl":{"start":{"line":19,"column":11},"end":{"line":19,"column":12}},"loc":{"start":{"line":19,"column":20},"end":{"line":25,"column":5}},"line":19},"3":{"name":"(anonymous_3)","decl":{"start":{"line":28,"column":49},"end":{"line":28,"column":50}},"loc":{"start":{"line":28,"column":71},"end":{"line":51,"column":5}},"line":28}},"branchMap":{"0":{"loc":{"start":{"line":20,"column":6},"end":{"line":24,"column":7}},"type":"if","locations":[{"start":{"line":20,"column":6},"end":{"line":24,"column":7}},{"start":{"line":22,"column":13},"end":{"line":24,"column":7}}],"line":20},"1":{"loc":{"start":{"line":29,"column":6},"end":{"line":50,"column":7}},"type":"if","locations":[{"start":{"line":29,"column":6},"end":{"line":50,"column":7}},{"start":{"line":43,"column":13},"end":{"line":50,"column":7}}],"line":29}},"s":{"0":1,"1":1,"2":0,"3":1,"4":0,"5":0,"6":0,"7":0,"8":0,"9":0,"10":0,"11":0,"12":0,"13":0,"14":0,"15":0,"16":0,"17":0,"18":0},"f":{"0":0,"1":0,"2":0,"3":0},"b":{"0":[0,0],"1":[0,0]},"_coverageSchema":"1a1c01bbd47fc00a2c39e90264f33305004495a9","hash":"b70eb229e4fdf72397a62b55ba77bc95023aa53e"}
,"C:\\Users\\0810d\\OneDrive\\Desktop\\SEC-2023\\backend\\pg-node-server\\controller\\auth\\logout.js": {"path":"C:\\Users\\0810d\\OneDrive\\Desktop\\SEC-2023\\backend\\pg-node-server\\controller\\auth\\logout.js","statementMap":{"0":{"start":{"line":5,"column":15},"end":{"line":17,"column":1}},"1":{"start":{"line":6,"column":23},"end":{"line":6,"column":66}},"2":{"start":{"line":8,"column":21},"end":{"line":8,"column":49}},"3":{"start":{"line":10,"column":2},"end":{"line":16,"column":5}},"4":{"start":{"line":11,"column":4},"end":{"line":15,"column":5}},"5":{"start":{"line":12,"column":6},"end":{"line":12,"column":64}},"6":{"start":{"line":14,"column":6},"end":{"line":14,"column":45}}},"fnMap":{"0":{"name":"(anonymous_0)","decl":{"start":{"line":5,"column":15},"end":{"line":5,"column":16}},"loc":{"start":{"line":5,"column":29},"end":{"line":17,"column":1}},"line":5},"1":{"name":"(anonymous_1)","decl":{"start":{"line":10,"column":53},"end":{"line":10,"column":54}},"loc":{"start":{"line":10,"column":70},"end":{"line":16,"column":3}},"line":10}},"branchMap":{"0":{"loc":{"start":{"line":11,"column":4},"end":{"line":15,"column":5}},"type":"if","locations":[{"start":{"line":11,"column":4},"end":{"line":15,"column":5}},{"start":{"line":13,"column":11},"end":{"line":15,"column":5}}],"line":11}},"s":{"0":1,"1":0,"2":0,"3":0,"4":0,"5":0,"6":0},"f":{"0":0,"1":0},"b":{"0":[0,0]},"_coverageSchema":"1a1c01bbd47fc00a2c39e90264f33305004495a9","hash":"0a07a439f60cfa5fb81e4f1b6466b91d46e29db5"}
,"C:\\Users\\0810d\\OneDrive\\Desktop\\SEC-2023\\backend\\pg-node-server\\controller\\auth\\register.js": {"path":"C:\\Users\\0810d\\OneDrive\\Desktop\\SEC-2023\\backend\\pg-node-server\\controller\\auth\\register.js","statementMap":{"0":{"start":{"line":5,"column":17},"end":{"line":32,"column":1}},"1":{"start":{"line":8,"column":2},"end":{"line":31,"column":3}},"2":{"start":{"line":9,"column":17},"end":{"line":9,"column":25}},"3":{"start":{"line":13,"column":17},"end":{"line":13,"column":39}},"4":{"start":{"line":14,"column":27},"end":{"line":14,"column":63}},"5":{"start":{"line":15,"column":18},"end":{"line":18,"column":5}},"6":{"start":{"line":20,"column":22},"end":{"line":22,"column":5}},"7":{"start":{"line":23,"column":4},"end":{"line":23,"column":36}},"8":{"start":{"line":25,"column":48},"end":{"line":25,"column":53}},"9":{"start":{"line":26,"column":22},"end":{"line":29,"column":5}},"10":{"start":{"line":30,"column":4},"end":{"line":30,"column":36}}},"fnMap":{"0":{"name":"(anonymous_0)","decl":{"start":{"line":5,"column":17},"end":{"line":5,"column":18}},"loc":{"start":{"line":5,"column":37},"end":{"line":32,"column":1}},"line":5}},"branchMap":{},"s":{"0":1,"1":0,"2":0,"3":0,"4":0,"5":0,"6":0,"7":0,"8":0,"9":0,"10":0},"f":{"0":0},"b":{},"_coverageSchema":"1a1c01bbd47fc00a2c39e90264f33305004495a9","hash":"6085fa3bd2583541e483c5f6acc6eb608c43144b"}
,"C:\\Users\\0810d\\OneDrive\\Desktop\\SEC-2023\\backend\\pg-node-server\\controller\\health\\checkStatus.js": {"path":"C:\\Users\\0810d\\OneDrive\\Desktop\\SEC-2023\\backend\\pg-node-server\\controller\\health\\checkStatus.js","statementMap":{"0":{"start":{"line":1,"column":20},"end":{"line":3,"column":1}},"1":{"start":{"line":2,"column":2},"end":{"line":2,"column":41}}},"fnMap":{"0":{"name":"(anonymous_0)","decl":{"start":{"line":1,"column":20},"end":{"line":1,"column":21}},"loc":{"start":{"line":1,"column":34},"end":{"line":3,"column":1}},"line":1}},"branchMap":{},"s":{"0":1,"1":1},"f":{"0":1},"b":{},"_coverageSchema":"1a1c01bbd47fc00a2c39e90264f33305004495a9","hash":"69a3a46489fc8e80bd8a6f1e5fba438553b9ac71"}
,"C:\\Users\\0810d\\OneDrive\\Desktop\\SEC-2023\\backend\\pg-node-server\\controller\\user\\listAll.js": {"path":"C:\\Users\\0810d\\OneDrive\\Desktop\\SEC-2023\\backend\\pg-node-server\\controller\\user\\listAll.js","statementMap":{"0":{"start":{"line":3,"column":16},"end":{"line":10,"column":1}},"1":{"start":{"line":4,"column":16},"end":{"line":4,"column":76}},"2":{"start":{"line":5,"column":20},"end":{"line":8,"column":3}},"3":{"start":{"line":9,"column":2},"end":{"line":9,"column":34}}},"fnMap":{"0":{"name":"(anonymous_0)","decl":{"start":{"line":3,"column":16},"end":{"line":3,"column":17}},"loc":{"start":{"line":3,"column":36},"end":{"line":10,"column":1}},"line":3}},"branchMap":{},"s":{"0":1,"1":0,"2":0,"3":0},"f":{"0":0},"b":{},"_coverageSchema":"1a1c01bbd47fc00a2c39e90264f33305004495a9","hash":"631148a5e2a6d812117c18201af29d5b7e9dc390"}
,"C:\\Users\\0810d\\OneDrive\\Desktop\\SEC-2023\\backend\\pg-node-server\\controller\\user\\view.js": {"path":"C:\\Users\\0810d\\OneDrive\\Desktop\\SEC-2023\\backend\\pg-node-server\\controller\\user\\view.js","statementMap":{"0":{"start":{"line":3,"column":13},"end":{"line":19,"column":1}},"1":{"start":{"line":4,"column":19},"end":{"line":4,"column":38}},"2":{"start":{"line":5,"column":16},"end":{"line":7,"column":4}},"3":{"start":{"line":8,"column":2},"end":{"line":13,"column":3}},"4":{"start":{"line":9,"column":24},"end":{"line":11,"column":5}},"5":{"start":{"line":12,"column":4},"end":{"line":12,"column":38}},"6":{"start":{"line":14,"column":20},"end":{"line":17,"column":3}},"7":{"start":{"line":18,"column":2},"end":{"line":18,"column":34}}},"fnMap":{"0":{"name":"(anonymous_0)","decl":{"start":{"line":3,"column":13},"end":{"line":3,"column":14}},"loc":{"start":{"line":3,"column":33},"end":{"line":19,"column":1}},"line":3}},"branchMap":{"0":{"loc":{"start":{"line":8,"column":2},"end":{"line":13,"column":3}},"type":"if","locations":[{"start":{"line":8,"column":2},"end":{"line":13,"column":3}},{"start":{},"end":{}}],"line":8}},"s":{"0":1,"1":0,"2":0,"3":0,"4":0,"5":0,"6":0,"7":0},"f":{"0":0},"b":{"0":[0,0]},"_coverageSchema":"1a1c01bbd47fc00a2c39e90264f33305004495a9","hash":"33a16b977bf7a9b875d671184881bfe18515ad9b"}
,"C:\\Users\\0810d\\OneDrive\\Desktop\\SEC-2023\\backend\\pg-node-server\\db\\index.js": {"path":"C:\\Users\\0810d\\OneDrive\\Desktop\\SEC-2023\\backend\\pg-node-server\\db\\index.js","statementMap":{"0":{"start":{"line":2,"column":17},"end":{"line":2,"column":20}},"1":{"start":{"line":4,"column":11},"end":{"line":12,"column":2}},"2":{"start":{"line":14,"column":14},"end":{"line":26,"column":1}},"3":{"start":{"line":15,"column":16},"end":{"line":15,"column":26}},"4":{"start":{"line":16,"column":15},"end":{"line":16,"column":25}},"5":{"start":{"line":17,"column":14},"end":{"line":17,"column":42}},"6":{"start":{"line":18,"column":19},"end":{"line":18,"column":37}},"7":{"start":{"line":19,"column":2},"end":{"line":24,"column":5}},"8":{"start":{"line":25,"column":2},"end":{"line":25,"column":13}}},"fnMap":{"0":{"name":"(anonymous_0)","decl":{"start":{"line":14,"column":14},"end":{"line":14,"column":15}},"loc":{"start":{"line":14,"column":38},"end":{"line":26,"column":1}},"line":14}},"branchMap":{},"s":{"0":1,"1":1,"2":1,"3":0,"4":0,"5":0,"6":0,"7":0,"8":0},"f":{"0":0},"b":{},"_coverageSchema":"1a1c01bbd47fc00a2c39e90264f33305004495a9","hash":"1c44a381ae44a0208b27542af36a46d61a59710e"}
,"C:\\Users\\0810d\\OneDrive\\Desktop\\SEC-2023\\backend\\pg-node-server\\middleware\\isAdmin.js": {"path":"C:\\Users\\0810d\\OneDrive\\Desktop\\SEC-2023\\backend\\pg-node-server\\middleware\\isAdmin.js","statementMap":{"0":{"start":{"line":1,"column":16},"end":{"line":7,"column":1}},"1":{"start":{"line":2,"column":2},"end":{"line":6,"column":3}},"2":{"start":{"line":3,"column":4},"end":{"line":3,"column":11}},"3":{"start":{"line":5,"column":4},"end":{"line":5,"column":54}}},"fnMap":{"0":{"name":"(anonymous_0)","decl":{"start":{"line":1,"column":16},"end":{"line":1,"column":17}},"loc":{"start":{"line":1,"column":36},"end":{"line":7,"column":1}},"line":1}},"branchMap":{"0":{"loc":{"start":{"line":2,"column":2},"end":{"line":6,"column":3}},"type":"if","locations":[{"start":{"line":2,"column":2},"end":{"line":6,"column":3}},{"start":{"line":4,"column":9},"end":{"line":6,"column":3}}],"line":2}},"s":{"0":1,"1":0,"2":0,"3":0},"f":{"0":0},"b":{"0":[0,0]},"_coverageSchema":"1a1c01bbd47fc00a2c39e90264f33305004495a9","hash":"2c9c1f35f2e356200264ccb109f2dd7491759454"}
,"C:\\Users\\0810d\\OneDrive\\Desktop\\SEC-2023\\backend\\pg-node-server\\middleware\\isAunthenticated.js": {"path":"C:\\Users\\0810d\\OneDrive\\Desktop\\SEC-2023\\backend\\pg-node-server\\middleware\\isAunthenticated.js","statementMap":{"0":{"start":{"line":2,"column":21},"end":{"line":2,"column":64}},"1":{"start":{"line":4,"column":25},"end":{"line":16,"column":1}},"2":{"start":{"line":5,"column":21},"end":{"line":5,"column":49}},"3":{"start":{"line":6,"column":16},"end":{"line":6,"column":54}},"4":{"start":{"line":8,"column":2},"end":{"line":8,"column":78}},"5":{"start":{"line":8,"column":22},"end":{"line":8,"column":78}},"6":{"start":{"line":10,"column":2},"end":{"line":15,"column":5}},"7":{"start":{"line":11,"column":4},"end":{"line":11,"column":21}},"8":{"start":{"line":12,"column":4},"end":{"line":12,"column":69}},"9":{"start":{"line":12,"column":13},"end":{"line":12,"column":69}},"10":{"start":{"line":13,"column":4},"end":{"line":13,"column":20}},"11":{"start":{"line":14,"column":4},"end":{"line":14,"column":11}}},"fnMap":{"0":{"name":"(anonymous_0)","decl":{"start":{"line":4,"column":25},"end":{"line":4,"column":26}},"loc":{"start":{"line":4,"column":45},"end":{"line":16,"column":1}},"line":4},"1":{"name":"(anonymous_1)","decl":{"start":{"line":10,"column":34},"end":{"line":10,"column":35}},"loc":{"start":{"line":10,"column":49},"end":{"line":15,"column":3}},"line":10}},"branchMap":{"0":{"loc":{"start":{"line":6,"column":16},"end":{"line":6,"column":54}},"type":"binary-expr","locations":[{"start":{"line":6,"column":16},"end":{"line":6,"column":26}},{"start":{"line":6,"column":30},"end":{"line":6,"column":54}}],"line":6},"1":{"loc":{"start":{"line":8,"column":2},"end":{"line":8,"column":78}},"type":"if","locations":[{"start":{"line":8,"column":2},"end":{"line":8,"column":78}},{"start":{},"end":{}}],"line":8},"2":{"loc":{"start":{"line":12,"column":4},"end":{"line":12,"column":69}},"type":"if","locations":[{"start":{"line":12,"column":4},"end":{"line":12,"column":69}},{"start":{},"end":{}}],"line":12}},"s":{"0":1,"1":1,"2":0,"3":0,"4":0,"5":0,"6":0,"7":0,"8":0,"9":0,"10":0,"11":0},"f":{"0":0,"1":0},"b":{"0":[0,0],"1":[0,0],"2":[0,0]},"_coverageSchema":"1a1c01bbd47fc00a2c39e90264f33305004495a9","hash":"ad62048006c0a512d7740531f3839598b5d678e6"}
,"C:\\Users\\0810d\\OneDrive\\Desktop\\SEC-2023\\backend\\pg-node-server\\middleware\\validatorResponse.js": {"path":"C:\\Users\\0810d\\OneDrive\\Desktop\\SEC-2023\\backend\\pg-node-server\\middleware\\validatorResponse.js","statementMap":{"0":{"start":{"line":3,"column":26},"end":{"line":16,"column":1}},"1":{"start":{"line":5,"column":26},"end":{"line":5,"column":55}},"2":{"start":{"line":6,"column":2},"end":{"line":15,"column":3}},"3":{"start":{"line":7,"column":22},"end":{"line":10,"column":5}},"4":{"start":{"line":11,"column":4},"end":{"line":11,"column":36}},"5":{"start":{"line":12,"column":4},"end":{"line":12,"column":11}},"6":{"start":{"line":14,"column":4},"end":{"line":14,"column":11}}},"fnMap":{"0":{"name":"(anonymous_0)","decl":{"start":{"line":3,"column":26},"end":{"line":3,"column":27}},"loc":{"start":{"line":3,"column":46},"end":{"line":16,"column":1}},"line":3}},"branchMap":{"0":{"loc":{"start":{"line":6,"column":2},"end":{"line":15,"column":3}},"type":"if","locations":[{"start":{"line":6,"column":2},"end":{"line":15,"column":3}},{"start":{"line":13,"column":9},"end":{"line":15,"column":3}}],"line":6}},"s":{"0":1,"1":0,"2":0,"3":0,"4":0,"5":0,"6":0},"f":{"0":0},"b":{"0":[0,0]},"_coverageSchema":"1a1c01bbd47fc00a2c39e90264f33305004495a9","hash":"af1265e8df1730807a566564df57e3f7d9401c48"}
}
